[   47385ms] [LOG] [vite] server connection lost. Polling for restart... @ http://localhost:5173/@vite/client:963
[   47392ms] [ERROR] WebSocket connection to 'ws://localhost:5173/' failed: Error in connection establishment: net::ERR_NETWORK_IO_SUSPENDED @ http://localhost:5173/@vite/client:1034
[ 1362511ms] [ERROR] WebSocket connection to 'ws://localhost:5173/' failed: Error in connection establishment: net::ERR_NETWORK_IO_SUSPENDED @ http://localhost:5173/@vite/client:1034
[ 1366798ms] [ERROR] Failed to load resource: net::ERR_NETWORK_IO_SUSPENDED @ http://localhost:5173/src/audio/AudioManager.ts:0
[ 1366798ms] [ERROR] Failed to load resource: net::ERR_NETWORK_IO_SUSPENDED @ http://localhost:5173/src/core/SaveSystem.ts:0
[ 1366798ms] [ERROR] Failed to load resource: net::ERR_NETWORK_IO_SUSPENDED @ http://localhost:5173/src/assets/manifest.ts:0
[ 1366798ms] [ERROR] Failed to load resource: net::ERR_NETWORK_IO_SUSPENDED @ http://localhost:5173/src/core/feel.ts?t=1781259111505:0
[ 1366798ms] [ERROR] Failed to load resource: net::ERR_NETWORK_IO_SUSPENDED @ http://localhost:5173/src/core/types.ts:0
[ 1366798ms] [ERROR] Failed to load resource: net::ERR_NETWORK_IO_SUSPENDED @ http://localhost:5173/src/assets/frames.ts?t=1781259111505:0
[ 1366799ms] [ERROR] Failed to load resource: net::ERR_NETWORK_IO_SUSPENDED @ http://localhost:5173/src/core/BaseScene.ts:0
[ 1366800ms] [ERROR] Failed to load resource: net::ERR_NETWORK_IO_SUSPENDED @ http://localhost:5173/src/core/InputSystem.ts:0
[ 1366800ms] [ERROR] Failed to load resource: net::ERR_NETWORK_IO_SUSPENDED @ http://localhost:5173/src/core/pathfinding.ts:0
[ 1366800ms] [ERROR] Failed to load resource: net::ERR_NETWORK_IO_SUSPENDED @ http://localhost:5173/src/dialogue/DialogueBox.ts?t=1781260468878:0
[ 1366800ms] [ERROR] Failed to load resource: net::ERR_NETWORK_IO_SUSPENDED @ http://localhost:5173/src/dialogue/scripts.ts?t=1781262215885:0
[ 1366800ms] [ERROR] Failed to load resource: net::ERR_NETWORK_IO_SUSPENDED @ http://localhost:5173/src/world/buildMap.ts:0
[ 1366800ms] [ERROR] Failed to load resource: net::ERR_NETWORK_IO_SUSPENDED @ http://localhost:5173/src/world/Npc.ts:0
[ 1366800ms] [ERROR] Failed to load resource: net::ERR_NETWORK_IO_SUSPENDED @ http://localhost:5173/src/world/wireWorld.ts?t=1781259111505:0
[ 1366800ms] [ERROR] Failed to load resource: net::ERR_NETWORK_IO_SUSPENDED @ http://localhost:5173/src/scenes/airport/airportMap.ts?t=1781259924103:0
[ 1366800ms] [ERROR] Failed to load resource: net::ERR_NETWORK_IO_SUSPENDED @ http://localhost:5173/src/scenes/minigames/scoring.ts:0
[ 1366800ms] [ERROR] WebSocket connection to 'ws://localhost:5173/?token=AbblcmcPZ3u1' failed: Error in connection establishment: net::ERR_NETWORK_IO_SUSPENDED @ http://localhost:5173/@vite/client:801
[ 1366800ms] [ERROR] Failed to load resource: net::ERR_NETWORK_IO_SUSPENDED @ http://localhost:5173/src/scenes/minigames/stageUi.ts?t=1781262549122:0
[ 1366800ms] [ERROR] Failed to load resource: net::ERR_NETWORK_IO_SUSPENDED @ http://localhost:5173/src/scenes/minigames/stages/PackStage.ts?t=1781262549122:0
[ 1366800ms] [ERROR] Failed to load resource: net::ERR_NETWORK_IO_SUSPENDED @ http://localhost:5173/src/scenes/minigames/stages/PassportStage.ts?t=1781262549122:0
[ 1366801ms] [ERROR] Failed to load resource: net::ERR_NETWORK_IO_SUSPENDED @ http://localhost:5173/src/scenes/minigames/stages/SecurityStage.ts?t=1781262549122:0
[ 1366801ms] [ERROR] Failed to load resource: net::ERR_NETWORK_IO_SUSPENDED @ http://localhost:5173/src/scenes/minigames/stages/GateDashStage.ts?t=1781262549122:0
[ 1366805ms] [ERROR] WebSocket connection to 'ws://localhost:5173/?token=AbblcmcPZ3u1' failed: Error in connection establishment: net::ERR_NETWORK_IO_SUSPENDED @ http://localhost:5173/@vite/client:814
[ 1366806ms] [ERROR] [vite] failed to connect to websocket.
your current setup:
  (browser) localhost:5173/ <--[HTTP]--> localhost:5173/ (server)
  (browser) localhost:5173/ <--[WebSocket (failing)]--> localhost:5173/ (server)
Check out your Vite / network configuration and https://vite.dev/config/server-options.html#server-hmr . @ http://localhost:5173/@vite/client:829
[ 1366837ms] [ERROR] Failed to load resource: net::ERR_NETWORK_IO_SUSPENDED @ http://localhost:5173/node_modules/.vite/deps/phaser.js?v=71439c58:0
[ 1461466ms] [LOG] %c %c %c %c %c Phaser v3.90.0 (WebGL | Web Audio) %c https://phaser.io/v390 background: #ff0000 background: #ffff00 background: #00ff00 background: #00ffff color: #ffffff; background: #000000 background: transparent @ http://localhost:5173/node_modules/.vite/deps/phaser.js?v=71439c58:8456
[ 1680875ms] [LOG] %c %c %c %c %c Phaser v3.90.0 (WebGL | Web Audio) %c https://phaser.io/v390 background: #ff0000 background: #ffff00 background: #00ff00 background: #00ffff color: #ffffff; background: #000000 background: transparent @ http://localhost:5173/node_modules/.vite/deps/phaser.js?v=71439c58:8456
[ 1928794ms] [LOG] %c %c %c %c %c Phaser v3.90.0 (WebGL | Web Audio) %c https://phaser.io/v390 background: #ff0000 background: #ffff00 background: #00ff00 background: #00ffff color: #ffffff; background: #000000 background: transparent @ http://localhost:5173/node_modules/.vite/deps/phaser.js?v=71439c58:8456
[ 2334026ms] [LOG] [stage] finish score= 44 Error
    at Object.finish (http://localhost:5173/src/scenes/minigames/stageUi.ts?t=1781265189151:21:53)
    at endStage (http://localhost:5173/src/scenes/minigames/stages/PackStage.ts?t=1781265189151:344:13)
    at TimerEvent2.callback (http://localhost:5173/src/scenes/minigames/stages/PackStage.ts?t=1781265189151:207:43)
    at Clock2.update (http://localhost:5173/node_modules/.vite/deps/phaser.js?v=71439c58:132365:42)
    at EventEmitter2.emit (http://localhost:5173/node_modules/.vite/deps/phaser.js?v=71439c58:120:43)
    at Systems2.step (http://localhost:5173/node_modules/.vite/deps/phaser.js?v=71439c58:112621:28)
    at SceneManager2.update (http://localhost:5173/node_modules/.vite/deps/phaser.js?v=71439c58:110774:29)
    at Game2.step (http://localhost:5173/node_modules/.vite/deps/phaser.js?v=71439c58:8625:32)
    at TimeStep2.step (http://localhost:5173/node_modules/.vite/deps/phaser.js?v=71439c58:9079:26)
    at step (http://localhost:5173/node_modules/.vite/deps/phaser.js?v=71439c58:16406:29) @ http://localhost:5173/src/scenes/minigames/stageUi.ts?t=1781265189151:20
[ 2732532ms] [LOG] [stage] finish score= 44 Error
    at Object.finish (http://localhost:5173/src/scenes/minigames/stageUi.ts?t=1781265189151:21:53)
    at TimerEvent2.callback (http://localhost:5173/src/scenes/minigames/stages/PassportStage.ts?t=1781265189151:279:17)
    at Clock2.update (http://localhost:5173/node_modules/.vite/deps/phaser.js?v=71439c58:132365:42)
    at EventEmitter2.emit (http://localhost:5173/node_modules/.vite/deps/phaser.js?v=71439c58:120:43)
    at Systems2.step (http://localhost:5173/node_modules/.vite/deps/phaser.js?v=71439c58:112621:28)
    at SceneManager2.update (http://localhost:5173/node_modules/.vite/deps/phaser.js?v=71439c58:110774:29)
    at Game2.step (http://localhost:5173/node_modules/.vite/deps/phaser.js?v=71439c58:8625:32)
    at TimeStep2.step (http://localhost:5173/node_modules/.vite/deps/phaser.js?v=71439c58:9079:26)
    at step (http://localhost:5173/node_modules/.vite/deps/phaser.js?v=71439c58:16406:29) @ http://localhost:5173/src/scenes/minigames/stageUi.ts?t=1781265189151:20
[ 3260236ms] [LOG] %c %c %c %c %c Phaser v3.90.0 (WebGL | Web Audio) %c https://phaser.io/v390 background: #ff0000 background: #ffff00 background: #00ff00 background: #00ffff color: #ffffff; background: #000000 background: transparent @ http://localhost:5173/node_modules/.vite/deps/phaser.js?v=71439c58:8456
[ 3277299ms] [LOG] %c %c %c %c %c Phaser v3.90.0 (WebGL | Web Audio) %c https://phaser.io/v390 background: #ff0000 background: #ffff00 background: #00ff00 background: #00ffff color: #ffffff; background: #000000 background: transparent @ http://localhost:5173/node_modules/.vite/deps/phaser.js?v=71439c58:8456
[ 3295622ms] [LOG] %c %c %c %c %c Phaser v3.90.0 (WebGL | Web Audio) %c https://phaser.io/v390 background: #ff0000 background: #ffff00 background: #00ff00 background: #00ffff color: #ffffff; background: #000000 background: transparent @ http://localhost:5173/node_modules/.vite/deps/phaser.js?v=71439c58:8456
[ 3975903ms] [LOG] %c %c %c %c %c Phaser v3.90.0 (WebGL | Web Audio) %c https://phaser.io/v390 background: #ff0000 background: #ffff00 background: #00ff00 background: #00ffff color: #ffffff; background: #000000 background: transparent @ http://localhost:5173/node_modules/.vite/deps/phaser.js?v=71439c58:8456
[ 3976065ms] [INFO] Slow network is detected. See https://www.chromestatus.com/feature/5636954674692096 for more details. Fallback font will be used while loading: http://localhost:5173/src/assets/packs/fonts/KenneyPixel.ttf @ http://localhost:5173/src/scenes/BootScene.ts?t=1781267235990:62
[ 4244327ms] [LOG] %c %c %c %c %c Phaser v3.90.0 (WebGL | Web Audio) %c https://phaser.io/v390 background: #ff0000 background: #ffff00 background: #00ff00 background: #00ffff color: #ffffff; background: #000000 background: transparent @ http://localhost:5173/node_modules/.vite/deps/phaser.js?v=71439c58:8456
[ 4249708ms] [LOG] %c %c %c %c %c Phaser v3.90.0 (WebGL | Web Audio) %c https://phaser.io/v390 background: #ff0000 background: #ffff00 background: #00ff00 background: #00ffff color: #ffffff; background: #000000 background: transparent @ http://localhost:5173/node_modules/.vite/deps/phaser.js?v=71439c58:8456
[ 4255249ms] [LOG] %c %c %c %c %c Phaser v3.90.0 (WebGL | Web Audio) %c https://phaser.io/v390 background: #ff0000 background: #ffff00 background: #00ff00 background: #00ffff color: #ffffff; background: #000000 background: transparent @ http://localhost:5173/node_modules/.vite/deps/phaser.js?v=71439c58:8456
[ 4257038ms] [LOG] %c %c %c %c %c Phaser v3.90.0 (WebGL | Web Audio) %c https://phaser.io/v390 background: #ff0000 background: #ffff00 background: #00ff00 background: #00ffff color: #ffffff; background: #000000 background: transparent @ http://localhost:5173/node_modules/.vite/deps/phaser.js?v=71439c58:8456
[ 4283606ms] [LOG] %c %c %c %c %c Phaser v3.90.0 (WebGL | Web Audio) %c https://phaser.io/v390 background: #ff0000 background: #ffff00 background: #00ff00 background: #00ffff color: #ffffff; background: #000000 background: transparent @ http://localhost:5173/node_modules/.vite/deps/phaser.js?v=71439c58:8456
[ 4284494ms] [LOG] %c %c %c %c %c Phaser v3.90.0 (WebGL | Web Audio) %c https://phaser.io/v390 background: #ff0000 background: #ffff00 background: #00ff00 background: #00ffff color: #ffffff; background: #000000 background: transparent @ http://localhost:5173/node_modules/.vite/deps/phaser.js?v=71439c58:8456
[ 4618854ms] [LOG] %c %c %c %c %c Phaser v3.90.0 (WebGL | Web Audio) %c https://phaser.io/v390 background: #ff0000 background: #ffff00 background: #00ff00 background: #00ffff color: #ffffff; background: #000000 background: transparent @ http://localhost:5173/node_modules/.vite/deps/phaser.js?v=71439c58:8456
[ 4623652ms] [LOG] %c %c %c %c %c Phaser v3.90.0 (WebGL | Web Audio) %c https://phaser.io/v390 background: #ff0000 background: #ffff00 background: #00ff00 background: #00ffff color: #ffffff; background: #000000 background: transparent @ http://localhost:5173/node_modules/.vite/deps/phaser.js?v=71439c58:8456
[ 4625372ms] [LOG] %c %c %c %c %c Phaser v3.90.0 (WebGL | Web Audio) %c https://phaser.io/v390 background: #ff0000 background: #ffff00 background: #00ff00 background: #00ffff color: #ffffff; background: #000000 background: transparent @ http://localhost:5173/node_modules/.vite/deps/phaser.js?v=71439c58:8456
[ 5018427ms] [LOG] %c %c %c %c %c Phaser v3.90.0 (WebGL | Web Audio) %c https://phaser.io/v390 background: #ff0000 background: #ffff00 background: #00ff00 background: #00ffff color: #ffffff; background: #000000 background: transparent @ http://localhost:5173/node_modules/.vite/deps/phaser.js?v=71439c58:8456
[ 5018541ms] [ERROR] [errorOverlay] uncaught error: ReferenceError: cssSnapUnit is not defined
    at ScaleManager2.snapMargins (http://localhost:5173/src/core/crispScale.ts?t=1781268278201:22:15)
    at ScaleManager2.emit (http://localhost:5173/node_modules/.vite/deps/phaser.js?v=71439c58:129:43)
    at ScaleManager2.refresh (http://localhost:5173/node_modules/.vite/deps/phaser.js?v=71439c58:109358:26)
    at EventEmitter.emit (http://localhost:5173/node_modules/.vite/deps/phaser.js?v=71439c58:114:43)
    at Game2.texturesReady (http://localhost:5173/node_modules/.vite/deps/phaser.js?v=71439c58:8569:33)
    at TextureManager2.emit (http://localhost:5173/node_modules/.vite/deps/phaser.js?v=71439c58:114:43)
    at TextureManager2.updatePending (http://localhost:5173/node_modules/.vite/deps/phaser.js?v=71439c58:121997:28)
    at TextureManager2.emit (http://localhost:5173/node_modules/.vite/deps/phaser.js?v=71439c58:96:45)
    at image.onload (http://localhost:5173/node_modules/.vite/deps/phaser.js?v=71439c58:122106:31) @ http://localhost:5173/src/core/errorOverlay.ts:56
[ 5018547ms] ReferenceError: cssSnapUnit is not defined
    at ScaleManager2.snapMargins (http://localhost:5173/src/core/crispScale.ts?t=1781268278201:22:15)
    at ScaleManager2.emit (http://localhost:5173/node_modules/.vite/deps/phaser.js?v=71439c58:129:43)
    at ScaleManager2.refresh (http://localhost:5173/node_modules/.vite/deps/phaser.js?v=71439c58:109358:26)
    at EventEmitter.emit (http://localhost:5173/node_modules/.vite/deps/phaser.js?v=71439c58:114:43)
    at Game2.texturesReady (http://localhost:5173/node_modules/.vite/deps/phaser.js?v=71439c58:8569:33)
    at TextureManager2.emit (http://localhost:5173/node_modules/.vite/deps/phaser.js?v=71439c58:114:43)
    at TextureManager2.updatePending (http://localhost:5173/node_modules/.vite/deps/phaser.js?v=71439c58:121997:28)
    at TextureManager2.emit (http://localhost:5173/node_modules/.vite/deps/phaser.js?v=71439c58:96:45)
    at image.onload (http://localhost:5173/node_modules/.vite/deps/phaser.js?v=71439c58:122106:31)
[ 5018543ms] [ERROR] [errorOverlay] unhandled rejection: ReferenceError: cssSnapUnit is not defined
    at ScaleManager2.snapMargins (http://localhost:5173/src/core/crispScale.ts?t=1781268278201:22:15)
    at ScaleManager2.emit (http://localhost:5173/node_modules/.vite/deps/phaser.js?v=71439c58:102:45)
    at ScaleManager2.refresh (http://localhost:5173/node_modules/.vite/deps/phaser.js?v=71439c58:109358:26)
    at ScaleManager2.setZoom (http://localhost:5173/node_modules/.vite/deps/phaser.js?v=71439c58:109275:33)
    at apply (http://localhost:5173/src/core/crispScale.ts?t=1781268278201:36:18)
    at start (http://localhost:5173/src/core/crispScale.ts?t=1781268278201:59:5)
    at installCrispScale (http://localhost:5173/src/core/crispScale.ts?t=1781268278201:65:5)
    at bootstrap (http://localhost:5173/src/main.ts?t=1781268278201:48:5) @ http://localhost:5173/src/core/errorOverlay.ts:61
[ 5018547ms] ReferenceError: cssSnapUnit is not defined
    at ScaleManager2.snapMargins (http://localhost:5173/src/core/crispScale.ts?t=1781268278201:22:15)
    at ScaleManager2.emit (http://localhost:5173/node_modules/.vite/deps/phaser.js?v=71439c58:102:45)
    at ScaleManager2.refresh (http://localhost:5173/node_modules/.vite/deps/phaser.js?v=71439c58:109358:26)
    at ScaleManager2.setZoom (http://localhost:5173/node_modules/.vite/deps/phaser.js?v=71439c58:109275:33)
    at apply (http://localhost:5173/src/core/crispScale.ts?t=1781268278201:36:18)
    at start (http://localhost:5173/src/core/crispScale.ts?t=1781268278201:59:5)
    at installCrispScale (http://localhost:5173/src/core/crispScale.ts?t=1781268278201:65:5)
    at bootstrap (http://localhost:5173/src/main.ts?t=1781268278201:48:5)
[ 5021160ms] [LOG] %c %c %c %c %c Phaser v3.90.0 (WebGL | Web Audio) %c https://phaser.io/v390 background: #ff0000 background: #ffff00 background: #00ff00 background: #00ffff color: #ffffff; background: #000000 background: transparent @ http://localhost:5173/node_modules/.vite/deps/phaser.js?v=71439c58:8456
[ 5021337ms] [INFO] Slow network is detected. See https://www.chromestatus.com/feature/5636954674692096 for more details. Fallback font will be used while loading: http://localhost:5173/src/assets/packs/fonts/KenneyPixel.ttf @ http://localhost:5173/src/scenes/BootScene.ts?t=1781267235990:62
[ 5310602ms] [ERROR] Failed to load resource: the server responded with a status of 500 (Internal Server Error) @ http://localhost:5173/src/main.ts?t=1781268571111:0
[ 5311458ms] [LOG] %c %c %c %c %c Phaser v3.90.0 (WebGL | Web Audio) %c https://phaser.io/v390 background: #ff0000 background: #ffff00 background: #00ff00 background: #00ffff color: #ffffff; background: #000000 background: transparent @ http://localhost:5173/node_modules/.vite/deps/phaser.js?v=71439c58:8456
[ 5541869ms] [LOG] %c %c %c %c %c Phaser v3.90.0 (WebGL | Web Audio) %c https://phaser.io/v390 background: #ff0000 background: #ffff00 background: #00ff00 background: #00ffff color: #ffffff; background: #000000 background: transparent @ http://localhost:5173/node_modules/.vite/deps/phaser.js?v=71439c58:8456
[ 5542900ms] [ERROR] [errorOverlay] uncaught error: TypeError: Cannot read properties of undefined (reading 'push')
    at http://localhost:5173/src/scenes/minigames/CheckinGauntletScene.ts?t=1781268801461:92:23
    at Array.forEach (<anonymous>)
    at CheckinGauntletScene.buildBackdrop (http://localhost:5173/src/scenes/minigames/CheckinGauntletScene.ts?t=1781268801461:91:11)
    at CheckinGauntletScene.create (http://localhost:5173/src/scenes/minigames/CheckinGauntletScene.ts?t=1781268801461:54:10)
    at SceneManager2.create (http://localhost:5173/node_modules/.vite/deps/phaser.js?v=71439c58:110814:36)
    at SceneManager2.bootScene (http://localhost:5173/node_modules/.vite/deps/phaser.js?v=71439c58:110730:28)
    at SceneManager2.start (http://localhost:5173/node_modules/.vite/deps/phaser.js?v=71439c58:111272:26)
    at SceneManager2.processQueue (http://localhost:5173/node_modules/.vite/deps/phaser.js?v=71439c58:110591:37)
    at SceneManager2.update (http://localhost:5173/node_modules/.vite/deps/phaser.js?v=71439c58:110769:26)
    at Game2.step (http://localhost:5173/node_modules/.vite/deps/phaser.js?v=71439c58:8625:32) @ http://localhost:5173/src/core/errorOverlay.ts:56
[ 5542901ms] TypeError: Cannot read properties of undefined (reading 'push')
    at http://localhost:5173/src/scenes/minigames/CheckinGauntletScene.ts?t=1781268801461:92:23
    at Array.forEach (<anonymous>)
    at CheckinGauntletScene.buildBackdrop (http://localhost:5173/src/scenes/minigames/CheckinGauntletScene.ts?t=1781268801461:91:11)
    at CheckinGauntletScene.create (http://localhost:5173/src/scenes/minigames/CheckinGauntletScene.ts?t=1781268801461:54:10)
    at SceneManager2.create (http://localhost:5173/node_modules/.vite/deps/phaser.js?v=71439c58:110814:36)
    at SceneManager2.bootScene (http://localhost:5173/node_modules/.vite/deps/phaser.js?v=71439c58:110730:28)
    at SceneManager2.start (http://localhost:5173/node_modules/.vite/deps/phaser.js?v=71439c58:111272:26)
    at SceneManager2.processQueue (http://localhost:5173/node_modules/.vite/deps/phaser.js?v=71439c58:110591:37)
    at SceneManager2.update (http://localhost:5173/node_modules/.vite/deps/phaser.js?v=71439c58:110769:26)
    at Game2.step (http://localhost:5173/node_modules/.vite/deps/phaser.js?v=71439c58:8625:32)
[ 5548780ms] [LOG] %c %c %c %c %c Phaser v3.90.0 (WebGL | Web Audio) %c https://phaser.io/v390 background: #ff0000 background: #ffff00 background: #00ff00 background: #00ffff color: #ffffff; background: #000000 background: transparent @ http://localhost:5173/node_modules/.vite/deps/phaser.js?v=71439c58:8456
[ 5764481ms] [LOG] %c %c %c %c %c Phaser v3.90.0 (WebGL | Web Audio) %c https://phaser.io/v390 background: #ff0000 background: #ffff00 background: #00ff00 background: #00ffff color: #ffffff; background: #000000 background: transparent @ http://localhost:5173/node_modules/.vite/deps/phaser.js?v=71439c58:8456
[ 5825061ms] [LOG] [vite] server connection lost. Polling for restart... @ http://localhost:5173/@vite/client:963
[ 5825065ms] [ERROR] WebSocket connection to 'ws://localhost:5173/' failed: Error in connection establishment: net::ERR_NETWORK_IO_SUSPENDED @ http://localhost:5173/@vite/client:1034
[ 8024533ms] [LOG] %c %c %c %c %c Phaser v3.90.0 (WebGL | Web Audio) %c https://phaser.io/v390 background: #ff0000 background: #ffff00 background: #00ff00 background: #00ffff color: #ffffff; background: #000000 background: transparent @ http://localhost:5173/node_modules/.vite/deps/phaser.js?v=71439c58:8456
